2022-08-02 12:34:59 [scrapy.utils.log] INFO: Scrapy 2.6.1 started (bot: wired)
2022-08-02 12:34:59 [scrapy.utils.log] INFO: Versions: lxml 4.9.1.0, libxml2 2.9.14, cssselect 1.1.0, parsel 1.6.0, w3lib 1.22.0, Twisted 22.4.0, Python 3.7.13 (default, Mar 29 2022, 02:18:16) - [GCC 7.5.0], pyOpenSSL 22.0.0 (OpenSSL 1.1.1q  5 Jul 2022), cryptography 35.0.0, Platform Linux-5.4.0-122-generic-x86_64-with-debian-buster-sid
2022-08-02 12:34:59 [scrapy.crawler] INFO: Overridden settings:
{'BOT_NAME': 'wired',
 'CONCURRENT_REQUESTS': 10,
 'DOWNLOAD_DELAY': 2,
 'LOG_FILE': 'logs/wired/wired/6ac246fa123111eda04fe470b8946416.log',
 'NEWSPIDER_MODULE': 'wired.spiders',
 'SPIDER_MODULES': ['wired.spiders']}
2022-08-02 12:34:59 [scrapy.utils.log] DEBUG: Using reactor: twisted.internet.epollreactor.EPollReactor
2022-08-02 12:34:59 [scrapy.extensions.telnet] INFO: Telnet Password: 2438a3358711c387
2022-08-02 12:34:59 [scrapy.middleware] INFO: Enabled extensions:
['scrapy.extensions.corestats.CoreStats',
 'scrapy.extensions.telnet.TelnetConsole',
 'scrapy.extensions.memusage.MemoryUsage',
 'scrapy.extensions.logstats.LogStats']
2022-08-02 12:34:59 [scrapy.middleware] INFO: Enabled downloader middlewares:
['scrapy.downloadermiddlewares.httpauth.HttpAuthMiddleware',
 'scrapy.downloadermiddlewares.downloadtimeout.DownloadTimeoutMiddleware',
 'scrapy.downloadermiddlewares.defaultheaders.DefaultHeadersMiddleware',
 'scrapy.downloadermiddlewares.useragent.UserAgentMiddleware',
 'wired.middlewares.WiredDownloaderMiddleware',
 'scrapy.downloadermiddlewares.retry.RetryMiddleware',
 'scrapy.downloadermiddlewares.redirect.MetaRefreshMiddleware',
 'scrapy.downloadermiddlewares.httpcompression.HttpCompressionMiddleware',
 'scrapy.downloadermiddlewares.redirect.RedirectMiddleware',
 'scrapy.downloadermiddlewares.cookies.CookiesMiddleware',
 'scrapy.downloadermiddlewares.httpproxy.HttpProxyMiddleware',
 'scrapy.downloadermiddlewares.stats.DownloaderStats']
2022-08-02 12:34:59 [scrapy.middleware] INFO: Enabled spider middlewares:
['scrapy.spidermiddlewares.httperror.HttpErrorMiddleware',
 'scrapy.spidermiddlewares.offsite.OffsiteMiddleware',
 'scrapy.spidermiddlewares.referer.RefererMiddleware',
 'scrapy.spidermiddlewares.urllength.UrlLengthMiddleware',
 'scrapy.spidermiddlewares.depth.DepthMiddleware']
2022-08-02 12:34:59 [scrapy.middleware] INFO: Enabled item pipelines:
['wired.pipelines.WiredPipeline']
2022-08-02 12:34:59 [scrapy.core.engine] INFO: Spider opened
2022-08-02 12:34:59 [scrapy.extensions.logstats] INFO: Crawled 0 pages (at 0 pages/min), scraped 0 items (at 0 items/min)
2022-08-02 12:34:59 [wired] INFO: Spider opened: wired
2022-08-02 12:34:59 [scrapy.extensions.telnet] INFO: Telnet console listening on 127.0.0.1:6023
2022-08-02 12:34:59 [scrapy.downloadermiddlewares.retry] DEBUG: Retrying <GET https://www.wired.com/search/?q=java&sort=score+desc> (failed 1 times): DNS lookup failed: no results for hostname lookup: www.wired.com.
2022-08-02 12:35:01 [scrapy.downloadermiddlewares.retry] DEBUG: Retrying <GET https://www.wired.com/search/?q=java&sort=score+desc> (failed 2 times): DNS lookup failed: no results for hostname lookup: www.wired.com.
2022-08-02 12:35:04 [scrapy.downloadermiddlewares.retry] ERROR: Gave up retrying <GET https://www.wired.com/search/?q=java&sort=score+desc> (failed 3 times): DNS lookup failed: no results for hostname lookup: www.wired.com.
2022-08-02 12:35:04 [scrapy.core.scraper] ERROR: Error downloading <GET https://www.wired.com/search/?q=java&sort=score+desc>
Traceback (most recent call last):
  File "/home/digitaldots/anaconda3/envs/scrapers/lib/python3.7/site-packages/twisted/internet/defer.py", line 1657, in _inlineCallbacks
    cast(Failure, result).throwExceptionIntoGenerator, gen
  File "/home/digitaldots/anaconda3/envs/scrapers/lib/python3.7/site-packages/twisted/python/failure.py", line 514, in throwExceptionIntoGenerator
    return g.throw(self.type, self.value, self.tb)
  File "/home/digitaldots/anaconda3/envs/scrapers/lib/python3.7/site-packages/scrapy/core/downloader/middleware.py", line 49, in process_request
    return (yield download_func(request=request, spider=spider))
  File "/home/digitaldots/anaconda3/envs/scrapers/lib/python3.7/site-packages/twisted/internet/defer.py", line 858, in _runCallbacks
    current.result, *args, **kwargs
  File "/home/digitaldots/anaconda3/envs/scrapers/lib/python3.7/site-packages/twisted/internet/endpoints.py", line 1021, in startConnectionAttempts
    f"no results for hostname lookup: {self._hostStr}"
twisted.internet.error.DNSLookupError: DNS lookup failed: no results for hostname lookup: www.wired.com.
2022-08-02 12:35:04 [scrapy.core.engine] INFO: Closing spider (finished)
2022-08-02 12:35:04 [scrapy.statscollectors] INFO: Dumping Scrapy stats:
{'downloader/exception_count': 3,
 'downloader/exception_type_count/twisted.internet.error.DNSLookupError': 3,
 'downloader/request_bytes': 741,
 'downloader/request_count': 3,
 'downloader/request_method_count/GET': 3,
 'elapsed_time_seconds': 4.943118,
 'finish_reason': 'finished',
 'finish_time': datetime.datetime(2022, 8, 2, 7, 5, 4, 371221),
 'log_count/DEBUG': 3,
 'log_count/ERROR': 2,
 'log_count/INFO': 11,
 'memusage/max': 75411456,
 'memusage/startup': 75411456,
 'retry/count': 2,
 'retry/max_reached': 1,
 'retry/reason_count/twisted.internet.error.DNSLookupError': 2,
 'scheduler/dequeued': 3,
 'scheduler/dequeued/memory': 3,
 'scheduler/enqueued': 3,
 'scheduler/enqueued/memory': 3,
 'start_time': datetime.datetime(2022, 8, 2, 7, 4, 59, 428103)}
2022-08-02 12:35:04 [scrapy.core.engine] INFO: Spider closed (finished)
